[0m21:07:45.196805 [debug] [MainThread]: Sending event: {'category': 'dbt', 'action': 'invocation', 'label': 'start', 'context': [<snowplow_tracker.self_describing_json.SelfDescribingJson object at 0x00000240ECE45790>, <snowplow_tracker.self_describing_json.SelfDescribingJson object at 0x00000240EE0C8BD0>, <snowplow_tracker.self_describing_json.SelfDescribingJson object at 0x00000240EE0C88D0>]}


============================== 21:07:45.208804 | 7d499ec3-b884-4d05-acde-81c4897e14fa ==============================
[0m21:07:45.208804 [info ] [MainThread]: Running with dbt=1.10.10
[0m21:07:45.209805 [debug] [MainThread]: running dbt with arguments {'partial_parse': 'True', 'profiles_dir': 'C:\\Users\\main windows\\.dbt', 'send_anonymous_usage_stats': 'True', 'warn_error': 'None', 'cache_selected_only': 'False', 'target_path': 'None', 'version_check': 'True', 'invocation_command': 'dbt init', 'log_format': 'default', 'use_colors': 'True', 'introspect': 'True', 'debug': 'False', 'log_cache_events': 'False', 'fail_fast': 'False', 'no_print': 'None', 'use_experimental_parser': 'False', 'empty': 'None', 'printer_width': '80', 'quiet': 'False', 'log_path': 'logs', 'indirect_selection': 'eager', 'write_json': 'True', 'static_parser': 'True', 'warn_error_options': 'WarnErrorOptionsV2(error=[], warn=[], silence=[])'}
[0m21:07:45.220804 [info ] [MainThread]: Creating dbt configuration folder at C:\Users\main windows\.dbt
[0m21:08:40.065611 [debug] [MainThread]: Starter project path: C:\Users\main windows\Documents\Projects\Balta\venv\Lib\site-packages\dbt\include\starter_project
[0m21:08:40.128843 [info ] [MainThread]: 
Your new dbt project "balta_project" was created!

For more information on how to configure the profiles.yml file,
please consult the dbt documentation here:

  https://docs.getdbt.com/docs/configure-your-profile

One more thing:

Need help? Don't hesitate to reach out to us via GitHub issues or on Slack:

  https://community.getdbt.com/

Happy modeling!

[0m21:08:40.129784 [info ] [MainThread]: Setting up your profile.
[0m21:10:47.554592 [info ] [MainThread]: Profile balta_project written to C:\Users\main windows\.dbt\profiles.yml using target's profile_template.yml and your supplied values. Run 'dbt debug' to validate the connection.
[0m21:10:47.556594 [debug] [MainThread]: Command `dbt init` succeeded at 21:10:47.556594 after 182.40 seconds
[0m21:10:47.557590 [debug] [MainThread]: Sending event: {'category': 'dbt', 'action': 'invocation', 'label': 'end', 'context': [<snowplow_tracker.self_describing_json.SelfDescribingJson object at 0x00000240E6404A10>, <snowplow_tracker.self_describing_json.SelfDescribingJson object at 0x00000240E6646A50>, <snowplow_tracker.self_describing_json.SelfDescribingJson object at 0x00000240E6645D10>]}
[0m21:10:47.558628 [debug] [MainThread]: Flushing usage events
[0m21:10:48.306214 [debug] [MainThread]: An error was encountered while trying to flush usage events
[0m21:47:16.527908 [debug] [MainThread]: Sending event: {'category': 'dbt', 'action': 'invocation', 'label': 'start', 'context': [<snowplow_tracker.self_describing_json.SelfDescribingJson object at 0x00000198314D52D0>, <snowplow_tracker.self_describing_json.SelfDescribingJson object at 0x00000198314D59D0>, <snowplow_tracker.self_describing_json.SelfDescribingJson object at 0x00000198315200D0>]}


============================== 21:47:16.530908 | 040956f1-bc1d-44bf-88bd-92a65dfdd66b ==============================
[0m21:47:16.530908 [info ] [MainThread]: Running with dbt=1.10.10
[0m21:47:16.531908 [debug] [MainThread]: running dbt with arguments {'partial_parse': 'True', 'warn_error_options': 'WarnErrorOptionsV2(error=[], warn=[], silence=[])', 'send_anonymous_usage_stats': 'True', 'warn_error': 'None', 'cache_selected_only': 'False', 'target_path': 'None', 'use_colors': 'True', 'invocation_command': 'dbt debug', 'log_format': 'default', 'version_check': 'True', 'introspect': 'True', 'debug': 'False', 'log_cache_events': 'False', 'fail_fast': 'False', 'no_print': 'None', 'use_experimental_parser': 'False', 'empty': 'None', 'quiet': 'False', 'printer_width': '80', 'log_path': 'logs', 'indirect_selection': 'eager', 'profiles_dir': 'C:\\Users\\main windows\\.dbt', 'static_parser': 'True', 'write_json': 'True'}
[0m21:47:16.543942 [info ] [MainThread]: dbt version: 1.10.10
[0m21:47:16.544940 [info ] [MainThread]: python version: 3.11.9
[0m21:47:16.544940 [info ] [MainThread]: python path: C:\Users\main windows\Documents\Projects\Balta\venv\Scripts\python.exe
[0m21:47:16.545958 [info ] [MainThread]: os info: Windows-10-10.0.19045-SP0
[0m21:47:16.704713 [info ] [MainThread]: Using profiles dir at C:\Users\main windows\.dbt
[0m21:47:16.704713 [info ] [MainThread]: Using profiles.yml file at C:\Users\main windows\.dbt\profiles.yml
[0m21:47:16.713719 [info ] [MainThread]: Using dbt_project.yml file at C:\Users\main windows\Documents\Projects\Balta\dbt_project.yml
[0m21:47:16.713719 [info ] [MainThread]: Configuration:
[0m21:47:16.727344 [info ] [MainThread]:   profiles.yml file [[31mERROR invalid[0m]
[0m21:47:16.728344 [info ] [MainThread]:   dbt_project.yml file [[31mERROR not found[0m]
[0m21:47:16.736388 [info ] [MainThread]: Required dependencies:
[0m21:47:16.736388 [debug] [MainThread]: Executing "git --help"
[0m21:47:16.771146 [debug] [MainThread]: STDOUT: "b"usage: git [-v | --version] [-h | --help] [-C <path>] [-c <name>=<value>]\n           [--exec-path[=<path>]] [--html-path] [--man-path] [--info-path]\n           [-p | --paginate | -P | --no-pager] [--no-replace-objects] [--no-lazy-fetch]\n           [--no-optional-locks] [--no-advice] [--bare] [--git-dir=<path>]\n           [--work-tree=<path>] [--namespace=<name>] [--config-env=<name>=<envvar>]\n           <command> [<args>]\n\nThese are common Git commands used in various situations:\n\nstart a working area (see also: git help tutorial)\n   clone      Clone a repository into a new directory\n   init       Create an empty Git repository or reinitialize an existing one\n\nwork on the current change (see also: git help everyday)\n   add        Add file contents to the index\n   mv         Move or rename a file, a directory, or a symlink\n   restore    Restore working tree files\n   rm         Remove files from the working tree and from the index\n\nexamine the history and state (see also: git help revisions)\n   bisect     Use binary search to find the commit that introduced a bug\n   diff       Show changes between commits, commit and working tree, etc\n   grep       Print lines matching a pattern\n   log        Show commit logs\n   show       Show various types of objects\n   status     Show the working tree status\n\ngrow, mark and tweak your common history\n   backfill   Download missing objects in a partial clone\n   branch     List, create, or delete branches\n   commit     Record changes to the repository\n   merge      Join two or more development histories together\n   rebase     Reapply commits on top of another base tip\n   reset      Reset current HEAD to the specified state\n   switch     Switch branches\n   tag        Create, list, delete or verify a tag object signed with GPG\n\ncollaborate (see also: git help workflows)\n   fetch      Download objects and refs from another repository\n   pull       Fetch from and integrate with another repository or a local branch\n   push       Update remote refs along with associated objects\n\n'git help -a' and 'git help -g' list available subcommands and some\nconcept guides. See 'git help <command>' or 'git help <concept>'\nto read about a specific subcommand or concept.\nSee 'git help git' for an overview of the system.\n""
[0m21:47:16.772147 [debug] [MainThread]: STDERR: "b''"
[0m21:47:16.772147 [info ] [MainThread]:  - git [[32mOK found[0m]

[0m21:47:16.773147 [info ] [MainThread]: Connection test skipped since no profile was found
[0m21:47:16.774147 [info ] [MainThread]: [31m2 checks failed:[0m
[0m21:47:16.775146 [info ] [MainThread]: Could not load dbt_project.yml
Profile loading failed for the following reason:
Runtime Error
  Credentials in profile "balta_project", target "dev" invalid: 'schema' is a required property


[0m21:47:16.778153 [info ] [MainThread]: Project loading failed for the following reason:
 project path <C:\Users\main windows\Documents\Projects\Balta\dbt_project.yml> not found

[0m21:47:16.779146 [debug] [MainThread]: Command `dbt debug` failed at 21:47:16.779146 after 0.30 seconds
[0m21:47:16.779146 [debug] [MainThread]: Sending event: {'category': 'dbt', 'action': 'invocation', 'label': 'end', 'context': [<snowplow_tracker.self_describing_json.SelfDescribingJson object at 0x0000019831547F50>, <snowplow_tracker.self_describing_json.SelfDescribingJson object at 0x000001982A884A10>, <snowplow_tracker.self_describing_json.SelfDescribingJson object at 0x00000198305AB4D0>]}
[0m21:47:16.779146 [debug] [MainThread]: Flushing usage events
[0m21:47:17.528358 [debug] [MainThread]: An error was encountered while trying to flush usage events
